0 info it worked if it ends with ok
1 verbose cli [ '/usr/bin/node',
1 verbose cli   '/usr/bin/npm',
1 verbose cli   'install',
1 verbose cli   '--save',
1 verbose cli   'font-awesome',
1 verbose cli   'angular-font-awesome' ]
2 info using npm@3.5.2
3 info using node@v8.10.0
4 silly loadCurrentTree Starting
5 silly install loadCurrentTree
6 silly install readLocalPackageData
7 silly fetchPackageMetaData font-awesome
8 silly fetchPackageMetaData angular-font-awesome
9 silly fetchNamedPackageData font-awesome
10 silly mapToRegistry name font-awesome
11 silly mapToRegistry using default registry
12 silly mapToRegistry registry https://registry.npmjs.org/
13 silly mapToRegistry uri https://registry.npmjs.org/font-awesome
14 silly fetchNamedPackageData angular-font-awesome
15 silly mapToRegistry name angular-font-awesome
16 silly mapToRegistry using default registry
17 silly mapToRegistry registry https://registry.npmjs.org/
18 silly mapToRegistry uri https://registry.npmjs.org/angular-font-awesome
19 verbose request uri https://registry.npmjs.org/font-awesome
20 verbose request no auth needed
21 info attempt registry request try #1 at 23:11:50
22 verbose request id 9a44df96be7f5572
23 verbose etag W/"6f4824fe5d7d210f9bfc6752f2128591"
24 verbose lastModified Sun, 27 May 2018 01:03:18 GMT
25 http request GET https://registry.npmjs.org/font-awesome
26 verbose request uri https://registry.npmjs.org/angular-font-awesome
27 verbose request no auth needed
28 info attempt registry request try #1 at 23:11:50
29 verbose etag W/"51da14f10bca9d8b1d43fde3670d74e2"
30 verbose lastModified Sat, 26 May 2018 16:42:13 GMT
31 http request GET https://registry.npmjs.org/angular-font-awesome
32 http 304 https://registry.npmjs.org/angular-font-awesome
33 verbose headers { date: 'Sun, 10 Mar 2019 07:11:50 GMT',
33 verbose headers   connection: 'keep-alive',
33 verbose headers   'set-cookie':
33 verbose headers    [ '__cfduid=db1da0022ce02a41b6aab30c04e2e487c1552201910; expires=Mon, 09-Mar-20 07:11:50 GMT; path=/; domain=.registry.npmjs.org; HttpOnly' ],
33 verbose headers   'cf-cache-status': 'HIT',
33 verbose headers   'cache-control': 'max-age=300',
33 verbose headers   'cf-ray': '4b537a160fdb798b-SEA',
33 verbose headers   etag: '"51da14f10bca9d8b1d43fde3670d74e2"',
33 verbose headers   'expect-ct': 'max-age=604800, report-uri="https://report-uri.cloudflare.com/cdn-cgi/beacon/expect-ct"',
33 verbose headers   'last-modified': 'Sat, 26 May 2018 16:42:13 GMT',
33 verbose headers   vary: 'accept-encoding, accept',
33 verbose headers   server: 'cloudflare' }
34 silly get cb [ 304,
34 silly get   { date: 'Sun, 10 Mar 2019 07:11:50 GMT',
34 silly get     connection: 'keep-alive',
34 silly get     'set-cookie':
34 silly get      [ '__cfduid=db1da0022ce02a41b6aab30c04e2e487c1552201910; expires=Mon, 09-Mar-20 07:11:50 GMT; path=/; domain=.registry.npmjs.org; HttpOnly' ],
34 silly get     'cf-cache-status': 'HIT',
34 silly get     'cache-control': 'max-age=300',
34 silly get     'cf-ray': '4b537a160fdb798b-SEA',
34 silly get     etag: '"51da14f10bca9d8b1d43fde3670d74e2"',
34 silly get     'expect-ct': 'max-age=604800, report-uri="https://report-uri.cloudflare.com/cdn-cgi/beacon/expect-ct"',
34 silly get     'last-modified': 'Sat, 26 May 2018 16:42:13 GMT',
34 silly get     vary: 'accept-encoding, accept',
34 silly get     server: 'cloudflare' } ]
35 verbose etag https://registry.npmjs.org/angular-font-awesome from cache
36 verbose get saving angular-font-awesome to /home/alex/.npm/registry.npmjs.org/angular-font-awesome/.cache.json
37 http 304 https://registry.npmjs.org/font-awesome
38 verbose headers { date: 'Sun, 10 Mar 2019 07:11:50 GMT',
38 verbose headers   connection: 'keep-alive',
38 verbose headers   'set-cookie':
38 verbose headers    [ '__cfduid=dc7101185a9d4032d47306286281aec601552201910; expires=Mon, 09-Mar-20 07:11:50 GMT; path=/; domain=.registry.npmjs.org; HttpOnly' ],
38 verbose headers   'cf-cache-status': 'HIT',
38 verbose headers   'cache-control': 'max-age=300',
38 verbose headers   'cf-ray': '4b537a15ff9d7955-SEA',
38 verbose headers   etag: '"6f4824fe5d7d210f9bfc6752f2128591"',
38 verbose headers   'expect-ct': 'max-age=604800, report-uri="https://report-uri.cloudflare.com/cdn-cgi/beacon/expect-ct"',
38 verbose headers   'last-modified': 'Sun, 27 May 2018 01:03:18 GMT',
38 verbose headers   vary: 'accept-encoding, accept',
38 verbose headers   server: 'cloudflare' }
39 silly get cb [ 304,
39 silly get   { date: 'Sun, 10 Mar 2019 07:11:50 GMT',
39 silly get     connection: 'keep-alive',
39 silly get     'set-cookie':
39 silly get      [ '__cfduid=dc7101185a9d4032d47306286281aec601552201910; expires=Mon, 09-Mar-20 07:11:50 GMT; path=/; domain=.registry.npmjs.org; HttpOnly' ],
39 silly get     'cf-cache-status': 'HIT',
39 silly get     'cache-control': 'max-age=300',
39 silly get     'cf-ray': '4b537a15ff9d7955-SEA',
39 silly get     etag: '"6f4824fe5d7d210f9bfc6752f2128591"',
39 silly get     'expect-ct': 'max-age=604800, report-uri="https://report-uri.cloudflare.com/cdn-cgi/beacon/expect-ct"',
39 silly get     'last-modified': 'Sun, 27 May 2018 01:03:18 GMT',
39 silly get     vary: 'accept-encoding, accept',
39 silly get     server: 'cloudflare' } ]
40 verbose etag https://registry.npmjs.org/font-awesome from cache
41 verbose get saving font-awesome to /home/alex/.npm/registry.npmjs.org/font-awesome/.cache.json
42 silly install normalizeTree
43 silly loadCurrentTree Finishing
44 silly loadIdealTree Starting
45 silly install loadIdealTree
46 silly cloneCurrentTree Starting
47 silly install cloneCurrentTreeToIdealTree
48 silly cloneCurrentTree Finishing
49 silly loadShrinkwrap Starting
50 silly install loadShrinkwrap
51 silly loadShrinkwrap Finishing
52 silly loadAllDepsIntoIdealTree Starting
53 silly install loadAllDepsIntoIdealTree
54 silly resolveWithNewModule angular-font-awesome@3.1.2 checking installable status
55 silly cache add args [ 'angular-font-awesome', null ]
56 verbose cache add spec angular-font-awesome
57 silly resolveWithNewModule font-awesome@4.7.0 checking installable status
58 silly cache add args [ 'font-awesome', null ]
59 verbose cache add spec font-awesome
60 silly cache add parsed spec Result {
60 silly cache add   raw: 'angular-font-awesome',
60 silly cache add   scope: null,
60 silly cache add   name: 'angular-font-awesome',
60 silly cache add   rawSpec: '',
60 silly cache add   spec: 'latest',
60 silly cache add   type: 'tag' }
61 silly addNamed angular-font-awesome@latest
62 verbose addNamed "latest" is being treated as a dist-tag for angular-font-awesome
63 info addNameTag [ 'angular-font-awesome', 'latest' ]
64 silly mapToRegistry name angular-font-awesome
65 silly mapToRegistry using default registry
66 silly mapToRegistry registry https://registry.npmjs.org/
67 silly mapToRegistry uri https://registry.npmjs.org/angular-font-awesome
68 verbose addNameTag registry:https://registry.npmjs.org/angular-font-awesome not in flight; fetching
69 silly cache add parsed spec Result {
69 silly cache add   raw: 'font-awesome',
69 silly cache add   scope: null,
69 silly cache add   name: 'font-awesome',
69 silly cache add   rawSpec: '',
69 silly cache add   spec: 'latest',
69 silly cache add   type: 'tag' }
70 silly addNamed font-awesome@latest
71 verbose addNamed "latest" is being treated as a dist-tag for font-awesome
72 info addNameTag [ 'font-awesome', 'latest' ]
73 silly mapToRegistry name font-awesome
74 silly mapToRegistry using default registry
75 silly mapToRegistry registry https://registry.npmjs.org/
76 silly mapToRegistry uri https://registry.npmjs.org/font-awesome
77 verbose addNameTag registry:https://registry.npmjs.org/font-awesome not in flight; fetching
78 verbose get https://registry.npmjs.org/font-awesome not expired, no request
79 silly addNameTag next cb for font-awesome with tag latest
80 silly addNamed font-awesome@4.7.0
81 verbose addNamed "4.7.0" is a plain semver version for font-awesome
82 verbose get https://registry.npmjs.org/angular-font-awesome not expired, no request
83 silly addNameTag next cb for angular-font-awesome with tag latest
84 silly addNamed angular-font-awesome@3.1.2
85 verbose addNamed "3.1.2" is a plain semver version for angular-font-awesome
86 silly cache afterAdd font-awesome@4.7.0
87 verbose afterAdd /home/alex/.npm/font-awesome/4.7.0/package/package.json not in flight; writing
88 silly cache afterAdd angular-font-awesome@3.1.2
89 verbose afterAdd /home/alex/.npm/angular-font-awesome/3.1.2/package/package.json not in flight; writing
90 verbose afterAdd /home/alex/.npm/font-awesome/4.7.0/package/package.json written
91 verbose afterAdd /home/alex/.npm/angular-font-awesome/3.1.2/package/package.json written
92 silly fetchNamedPackageData fsevents
93 silly mapToRegistry name fsevents
94 silly mapToRegistry using default registry
95 silly mapToRegistry registry https://registry.npmjs.org/
96 silly mapToRegistry uri https://registry.npmjs.org/fsevents
97 verbose request uri https://registry.npmjs.org/fsevents
98 verbose request no auth needed
99 info attempt registry request try #1 at 23:11:51
100 verbose etag W/"bcffea2f69aac7abfa570bf3b20de6a0"
101 verbose lastModified Fri, 18 Jan 2019 15:54:31 GMT
102 http request GET https://registry.npmjs.org/fsevents
103 http 304 https://registry.npmjs.org/fsevents
104 verbose headers { date: 'Sun, 10 Mar 2019 07:11:51 GMT',
104 verbose headers   connection: 'keep-alive',
104 verbose headers   'set-cookie':
104 verbose headers    [ '__cfduid=d5ed6b90a1fb09647998b73e61c3fa3f61552201911; expires=Mon, 09-Mar-20 07:11:51 GMT; path=/; domain=.registry.npmjs.org; HttpOnly' ],
104 verbose headers   'cf-cache-status': 'HIT',
104 verbose headers   'cache-control': 'max-age=300',
104 verbose headers   'cf-ray': '4b537a17e8f0798b-SEA',
104 verbose headers   etag: '"bcffea2f69aac7abfa570bf3b20de6a0"',
104 verbose headers   'expect-ct': 'max-age=604800, report-uri="https://report-uri.cloudflare.com/cdn-cgi/beacon/expect-ct"',
104 verbose headers   'last-modified': 'Fri, 18 Jan 2019 15:54:31 GMT',
104 verbose headers   vary: 'accept-encoding, accept',
104 verbose headers   'x-amz-meta-rev': '98-f5c810ab87c5a9d4100da1fba1ab6a54',
104 verbose headers   server: 'cloudflare' }
105 silly get cb [ 304,
105 silly get   { date: 'Sun, 10 Mar 2019 07:11:51 GMT',
105 silly get     connection: 'keep-alive',
105 silly get     'set-cookie':
105 silly get      [ '__cfduid=d5ed6b90a1fb09647998b73e61c3fa3f61552201911; expires=Mon, 09-Mar-20 07:11:51 GMT; path=/; domain=.registry.npmjs.org; HttpOnly' ],
105 silly get     'cf-cache-status': 'HIT',
105 silly get     'cache-control': 'max-age=300',
105 silly get     'cf-ray': '4b537a17e8f0798b-SEA',
105 silly get     etag: '"bcffea2f69aac7abfa570bf3b20de6a0"',
105 silly get     'expect-ct': 'max-age=604800, report-uri="https://report-uri.cloudflare.com/cdn-cgi/beacon/expect-ct"',
105 silly get     'last-modified': 'Fri, 18 Jan 2019 15:54:31 GMT',
105 silly get     vary: 'accept-encoding, accept',
105 silly get     'x-amz-meta-rev': '98-f5c810ab87c5a9d4100da1fba1ab6a54',
105 silly get     server: 'cloudflare' } ]
106 verbose etag https://registry.npmjs.org/fsevents from cache
107 verbose get saving fsevents to /home/alex/.npm/registry.npmjs.org/fsevents/.cache.json
108 silly resolveWithNewModule fsevents@1.2.7 checking installable status
109 silly loadAllDepsIntoIdealTree Finishing
110 silly idealTree:prePrune github
110 silly idealTree:prePrune ├─┬ @angular/cli@7.3.5
110 silly idealTree:prePrune │ ├── @angular-devkit/architect@0.13.5
110 silly idealTree:prePrune │ ├── @angular-devkit/core@7.3.5
110 silly idealTree:prePrune │ ├── @angular-devkit/schematics@7.3.5
110 silly idealTree:prePrune │ ├── @schematics/angular@7.3.5
110 silly idealTree:prePrune │ ├── @schematics/update@0.13.5
110 silly idealTree:prePrune │ ├── @yarnpkg/lockfile@1.1.0
110 silly idealTree:prePrune │ ├── agent-base@4.2.1
110 silly idealTree:prePrune │ ├── agentkeepalive@3.5.2
110 silly idealTree:prePrune │ ├── ajv@6.9.1
110 silly idealTree:prePrune │ ├── ansi-escapes@3.2.0
110 silly idealTree:prePrune │ ├── ansi-regex@3.0.0
110 silly idealTree:prePrune │ ├── ansi-styles@3.2.1
110 silly idealTree:prePrune │ ├── anymatch@2.0.0
110 silly idealTree:prePrune │ ├── aproba@1.2.0
110 silly idealTree:prePrune │ ├── arr-diff@4.0.0
110 silly idealTree:prePrune │ ├── arr-flatten@1.1.0
110 silly idealTree:prePrune │ ├── arr-union@3.1.0
110 silly idealTree:prePrune │ ├── array-unique@0.3.2
110 silly idealTree:prePrune │ ├── assign-symbols@1.0.0
110 silly idealTree:prePrune │ ├── async-each@1.0.1
110 silly idealTree:prePrune │ ├── atob@2.1.2
110 silly idealTree:prePrune │ ├── balanced-match@1.0.0
110 silly idealTree:prePrune │ ├─┬ base@0.11.2
110 silly idealTree:prePrune │ │ ├── define-property@1.0.0
110 silly idealTree:prePrune │ │ ├── is-accessor-descriptor@1.0.0
110 silly idealTree:prePrune │ │ ├── is-data-descriptor@1.0.0
110 silly idealTree:prePrune │ │ └── is-descriptor@1.0.2
110 silly idealTree:prePrune │ ├── binary-extensions@1.13.0
110 silly idealTree:prePrune │ ├── bluebird@3.5.3
110 silly idealTree:prePrune │ ├── brace-expansion@1.1.11
110 silly idealTree:prePrune │ ├─┬ braces@2.3.2
110 silly idealTree:prePrune │ │ └── extend-shallow@2.0.1
110 silly idealTree:prePrune │ ├── buffer-from@1.1.1
110 silly idealTree:prePrune │ ├── builtins@1.0.3
110 silly idealTree:prePrune │ ├── cacache@11.3.2
110 silly idealTree:prePrune │ ├── cache-base@1.0.1
110 silly idealTree:prePrune │ ├── chalk@2.4.2
110 silly idealTree:prePrune │ ├── chardet@0.7.0
110 silly idealTree:prePrune │ ├── chokidar@2.0.4
110 silly idealTree:prePrune │ ├── chownr@1.1.1
110 silly idealTree:prePrune │ ├─┬ class-utils@0.3.6
110 silly idealTree:prePrune │ │ └── define-property@0.2.5
110 silly idealTree:prePrune │ ├── cli-cursor@2.1.0
110 silly idealTree:prePrune │ ├── cli-width@2.2.0
110 silly idealTree:prePrune │ ├── collection-visit@1.0.0
110 silly idealTree:prePrune │ ├── color-convert@1.9.3
110 silly idealTree:prePrune │ ├── color-name@1.1.3
110 silly idealTree:prePrune │ ├── component-emitter@1.2.1
110 silly idealTree:prePrune │ ├── concat-map@0.0.1
110 silly idealTree:prePrune │ ├── concat-stream@1.6.2
110 silly idealTree:prePrune │ ├── copy-concurrently@1.0.5
110 silly idealTree:prePrune │ ├── copy-descriptor@0.1.1
110 silly idealTree:prePrune │ ├── core-util-is@1.0.2
110 silly idealTree:prePrune │ ├── cyclist@0.2.2
110 silly idealTree:prePrune │ ├── debug@2.6.9
110 silly idealTree:prePrune │ ├── decode-uri-component@0.2.0
110 silly idealTree:prePrune │ ├─┬ define-property@2.0.2
110 silly idealTree:prePrune │ │ ├── is-accessor-descriptor@1.0.0
110 silly idealTree:prePrune │ │ ├── is-data-descriptor@1.0.0
110 silly idealTree:prePrune │ │ └── is-descriptor@1.0.2
110 silly idealTree:prePrune │ ├── duplexify@3.7.1
110 silly idealTree:prePrune │ ├── encoding@0.1.12
110 silly idealTree:prePrune │ ├── end-of-stream@1.4.1
110 silly idealTree:prePrune │ ├── err-code@1.1.2
110 silly idealTree:prePrune │ ├── es6-promise@4.2.6
110 silly idealTree:prePrune │ ├── es6-promisify@5.0.0
110 silly idealTree:prePrune │ ├── escape-string-regexp@1.0.5
110 silly idealTree:prePrune │ ├─┬ expand-brackets@2.1.4
110 silly idealTree:prePrune │ │ ├── define-property@0.2.5
110 silly idealTree:prePrune │ │ └── extend-shallow@2.0.1
110 silly idealTree:prePrune │ ├─┬ extend-shallow@3.0.2
110 silly idealTree:prePrune │ │ └── is-extendable@1.0.1
110 silly idealTree:prePrune │ ├── external-editor@3.0.3
110 silly idealTree:prePrune │ ├─┬ extglob@2.0.4
110 silly idealTree:prePrune │ │ ├── define-property@1.0.0
110 silly idealTree:prePrune │ │ ├── extend-shallow@2.0.1
110 silly idealTree:prePrune │ │ ├── is-accessor-descriptor@1.0.0
110 silly idealTree:prePrune │ │ ├── is-data-descriptor@1.0.0
110 silly idealTree:prePrune │ │ └── is-descriptor@1.0.2
110 silly idealTree:prePrune │ ├── fast-deep-equal@2.0.1
110 silly idealTree:prePrune │ ├── fast-json-stable-stringify@2.0.0
110 silly idealTree:prePrune │ ├── figgy-pudding@3.5.1
110 silly idealTree:prePrune │ ├── figures@2.0.0
110 silly idealTree:prePrune │ ├─┬ fill-range@4.0.0
110 silly idealTree:prePrune │ │ └── extend-shallow@2.0.1
110 silly idealTree:prePrune │ ├── flush-write-stream@1.1.1
110 silly idealTree:prePrune │ ├── for-in@1.0.2
110 silly idealTree:prePrune │ ├── fragment-cache@0.2.1
110 silly idealTree:prePrune │ ├── from2@2.3.0
110 silly idealTree:prePrune │ ├── fs-minipass@1.2.5
110 silly idealTree:prePrune │ ├── fs-write-stream-atomic@1.0.10
110 silly idealTree:prePrune │ ├── fs.realpath@1.0.0
110 silly idealTree:prePrune │ ├── genfun@5.0.0
110 silly idealTree:prePrune │ ├── get-stream@4.1.0
110 silly idealTree:prePrune │ ├── get-value@2.0.6
110 silly idealTree:prePrune │ ├─┬ glob-parent@3.1.0
110 silly idealTree:prePrune │ │ └── is-glob@3.1.0
110 silly idealTree:prePrune │ ├── glob@7.1.3
110 silly idealTree:prePrune │ ├── graceful-fs@4.1.15
110 silly idealTree:prePrune │ ├── has-flag@3.0.0
110 silly idealTree:prePrune │ ├── has-value@1.0.0
110 silly idealTree:prePrune │ ├─┬ has-values@1.0.0
110 silly idealTree:prePrune │ │ └── kind-of@4.0.0
110 silly idealTree:prePrune │ ├── hosted-git-info@2.7.1
110 silly idealTree:prePrune │ ├── http-cache-semantics@3.8.1
110 silly idealTree:prePrune │ ├─┬ http-proxy-agent@2.1.0
110 silly idealTree:prePrune │ │ └── debug@3.1.0
110 silly idealTree:prePrune │ ├─┬ https-proxy-agent@2.2.1
110 silly idealTree:prePrune │ │ ├── debug@3.2.6
110 silly idealTree:prePrune │ │ └── ms@2.1.1
110 silly idealTree:prePrune │ ├── humanize-ms@1.2.1
110 silly idealTree:prePrune │ ├── iconv-lite@0.4.24
110 silly idealTree:prePrune │ ├── iferr@0.1.5
110 silly idealTree:prePrune │ ├── ignore-walk@3.0.1
110 silly idealTree:prePrune │ ├── imurmurhash@0.1.4
110 silly idealTree:prePrune │ ├── inflight@1.0.6
110 silly idealTree:prePrune │ ├── inherits@2.0.3
110 silly idealTree:prePrune │ ├── ini@1.3.5
110 silly idealTree:prePrune │ ├── inquirer@6.2.1
110 silly idealTree:prePrune │ ├── ip@1.1.5
110 silly idealTree:prePrune │ ├─┬ is-accessor-descriptor@0.1.6
110 silly idealTree:prePrune │ │ └── kind-of@3.2.2
110 silly idealTree:prePrune │ ├── is-binary-path@1.0.1
110 silly idealTree:prePrune │ ├── is-buffer@1.1.6
110 silly idealTree:prePrune │ ├─┬ is-data-descriptor@0.1.4
110 silly idealTree:prePrune │ │ └── kind-of@3.2.2
110 silly idealTree:prePrune │ ├─┬ is-descriptor@0.1.6
110 silly idealTree:prePrune │ │ └── kind-of@5.1.0
110 silly idealTree:prePrune │ ├── is-extendable@0.1.1
110 silly idealTree:prePrune │ ├── is-extglob@2.1.1
110 silly idealTree:prePrune │ ├── is-fullwidth-code-point@2.0.0
110 silly idealTree:prePrune │ ├── is-glob@4.0.0
110 silly idealTree:prePrune │ ├─┬ is-number@3.0.0
110 silly idealTree:prePrune │ │ └── kind-of@3.2.2
110 silly idealTree:prePrune │ ├── is-plain-object@2.0.4
110 silly idealTree:prePrune │ ├── is-promise@2.1.0
110 silly idealTree:prePrune │ ├── is-windows@1.0.2
110 silly idealTree:prePrune │ ├── is-wsl@1.1.0
110 silly idealTree:prePrune │ ├── isarray@1.0.0
110 silly idealTree:prePrune │ ├── isexe@2.0.0
110 silly idealTree:prePrune │ ├── isobject@3.0.1
110 silly idealTree:prePrune │ ├── json-parse-better-errors@1.0.2
110 silly idealTree:prePrune │ ├── json-schema-traverse@0.4.1
110 silly idealTree:prePrune │ ├── jsonparse@1.3.1
110 silly idealTree:prePrune │ ├── JSONStream@1.3.5
110 silly idealTree:prePrune │ ├── kind-of@6.0.2
110 silly idealTree:prePrune │ ├── lodash.debounce@4.0.8
110 silly idealTree:prePrune │ ├── lodash@4.17.11
110 silly idealTree:prePrune │ ├── lru-cache@5.1.1
110 silly idealTree:prePrune │ ├─┬ make-fetch-happen@4.0.1
110 silly idealTree:prePrune │ │ ├── lru-cache@4.1.5
110 silly idealTree:prePrune │ │ └── yallist@2.1.2
110 silly idealTree:prePrune │ ├── map-cache@0.2.2
110 silly idealTree:prePrune │ ├── map-visit@1.0.0
110 silly idealTree:prePrune │ ├── micromatch@3.1.10
110 silly idealTree:prePrune │ ├── mimic-fn@1.2.0
110 silly idealTree:prePrune │ ├── minimatch@3.0.4
110 silly idealTree:prePrune │ ├── minimist@0.0.8
110 silly idealTree:prePrune │ ├── minipass@2.3.5
110 silly idealTree:prePrune │ ├── minizlib@1.2.1
110 silly idealTree:prePrune │ ├── mississippi@3.0.0
110 silly idealTree:prePrune │ ├─┬ mixin-deep@1.3.1
110 silly idealTree:prePrune │ │ └── is-extendable@1.0.1
110 silly idealTree:prePrune │ ├── mkdirp@0.5.1
110 silly idealTree:prePrune │ ├── move-concurrently@1.0.1
110 silly idealTree:prePrune │ ├── ms@2.0.0
110 silly idealTree:prePrune │ ├── mute-stream@0.0.7
110 silly idealTree:prePrune │ ├── nanomatch@1.2.13
110 silly idealTree:prePrune │ ├── node-fetch-npm@2.0.2
110 silly idealTree:prePrune │ ├── normalize-package-data@2.5.0
110 silly idealTree:prePrune │ ├── normalize-path@2.1.1
110 silly idealTree:prePrune │ ├── npm-bundled@1.0.6
110 silly idealTree:prePrune │ ├── npm-package-arg@6.1.0
110 silly idealTree:prePrune │ ├── npm-packlist@1.4.1
110 silly idealTree:prePrune │ ├── npm-pick-manifest@2.2.3
110 silly idealTree:prePrune │ ├─┬ npm-registry-fetch@3.9.0
110 silly idealTree:prePrune │ │ ├── lru-cache@4.1.5
110 silly idealTree:prePrune │ │ └── yallist@2.1.2
110 silly idealTree:prePrune │ ├─┬ object-copy@0.1.0
110 silly idealTree:prePrune │ │ ├── define-property@0.2.5
110 silly idealTree:prePrune │ │ └── kind-of@3.2.2
110 silly idealTree:prePrune │ ├── object-visit@1.0.1
110 silly idealTree:prePrune │ ├── object.pick@1.3.0
110 silly idealTree:prePrune │ ├── once@1.4.0
110 silly idealTree:prePrune │ ├── onetime@2.0.1
110 silly idealTree:prePrune │ ├── opn@5.4.0
110 silly idealTree:prePrune │ ├── os-homedir@1.0.2
110 silly idealTree:prePrune │ ├── os-tmpdir@1.0.2
110 silly idealTree:prePrune │ ├── osenv@0.1.5
110 silly idealTree:prePrune │ ├── pacote@9.4.0
110 silly idealTree:prePrune │ ├── parallel-transform@1.1.0
110 silly idealTree:prePrune │ ├── pascalcase@0.1.1
110 silly idealTree:prePrune │ ├── path-dirname@1.0.2
110 silly idealTree:prePrune │ ├── path-is-absolute@1.0.1
110 silly idealTree:prePrune │ ├── path-parse@1.0.6
110 silly idealTree:prePrune │ ├── posix-character-classes@0.1.1
110 silly idealTree:prePrune │ ├── process-nextick-args@2.0.0
110 silly idealTree:prePrune │ ├── promise-inflight@1.0.1
110 silly idealTree:prePrune │ ├── promise-retry@1.1.1
110 silly idealTree:prePrune │ ├── protoduck@5.0.1
110 silly idealTree:prePrune │ ├── pseudomap@1.0.2
110 silly idealTree:prePrune │ ├── pump@3.0.0
110 silly idealTree:prePrune │ ├─┬ pumpify@1.5.1
110 silly idealTree:prePrune │ │ └── pump@2.0.1
110 silly idealTree:prePrune │ ├── punycode@2.1.1
110 silly idealTree:prePrune │ ├── readable-stream@2.3.6
110 silly idealTree:prePrune │ ├── readdirp@2.2.1
110 silly idealTree:prePrune │ ├── regex-not@1.0.2
110 silly idealTree:prePrune │ ├── remove-trailing-separator@1.1.0
110 silly idealTree:prePrune │ ├── repeat-element@1.1.3
110 silly idealTree:prePrune │ ├── repeat-string@1.6.1
110 silly idealTree:prePrune │ ├── resolve-url@0.2.1
110 silly idealTree:prePrune │ ├── resolve@1.10.0
110 silly idealTree:prePrune │ ├── restore-cursor@2.0.0
110 silly idealTree:prePrune │ ├── ret@0.1.15
110 silly idealTree:prePrune │ ├── retry@0.10.1
110 silly idealTree:prePrune │ ├── rimraf@2.6.3
110 silly idealTree:prePrune │ ├── run-async@2.3.0
110 silly idealTree:prePrune │ ├── run-queue@1.0.3
110 silly idealTree:prePrune │ ├── rxjs@6.3.3
110 silly idealTree:prePrune │ ├── safe-buffer@5.1.2
110 silly idealTree:prePrune │ ├── safe-regex@1.1.0
110 silly idealTree:prePrune │ ├── safer-buffer@2.1.2
110 silly idealTree:prePrune │ ├── semver-intersect@1.4.0
110 silly idealTree:prePrune │ ├── semver@5.6.0
110 silly idealTree:prePrune │ ├─┬ set-value@2.0.0
110 silly idealTree:prePrune │ │ └── extend-shallow@2.0.1
110 silly idealTree:prePrune │ ├── signal-exit@3.0.2
110 silly idealTree:prePrune │ ├── smart-buffer@4.0.2
110 silly idealTree:prePrune │ ├─┬ snapdragon-node@2.1.1
110 silly idealTree:prePrune │ │ ├── define-property@1.0.0
110 silly idealTree:prePrune │ │ ├── is-accessor-descriptor@1.0.0
110 silly idealTree:prePrune │ │ ├── is-data-descriptor@1.0.0
110 silly idealTree:prePrune │ │ └── is-descriptor@1.0.2
110 silly idealTree:prePrune │ ├─┬ snapdragon-util@3.0.1
110 silly idealTree:prePrune │ │ └── kind-of@3.2.2
110 silly idealTree:prePrune │ ├─┬ snapdragon@0.8.2
110 silly idealTree:prePrune │ │ ├── define-property@0.2.5
110 silly idealTree:prePrune │ │ ├── extend-shallow@2.0.1
110 silly idealTree:prePrune │ │ └── source-map@0.5.7
110 silly idealTree:prePrune │ ├── socks-proxy-agent@4.0.2
110 silly idealTree:prePrune │ ├── socks@2.3.2
110 silly idealTree:prePrune │ ├── source-map-resolve@0.5.2
110 silly idealTree:prePrune │ ├── source-map-url@0.4.0
110 silly idealTree:prePrune │ ├── source-map@0.7.3
110 silly idealTree:prePrune │ ├── spdx-correct@3.1.0
110 silly idealTree:prePrune │ ├── spdx-exceptions@2.2.0
110 silly idealTree:prePrune │ ├── spdx-expression-parse@3.0.0
110 silly idealTree:prePrune │ ├── spdx-license-ids@3.0.3
110 silly idealTree:prePrune │ ├── split-string@3.1.0
110 silly idealTree:prePrune │ ├── ssri@6.0.1
110 silly idealTree:prePrune │ ├─┬ static-extend@0.1.2
110 silly idealTree:prePrune │ │ └── define-property@0.2.5
110 silly idealTree:prePrune │ ├── stream-each@1.2.3
110 silly idealTree:prePrune │ ├── stream-shift@1.0.0
110 silly idealTree:prePrune │ ├── string_decoder@1.1.1
110 silly idealTree:prePrune │ ├─┬ string-width@2.1.1
110 silly idealTree:prePrune │ │ └── strip-ansi@4.0.0
110 silly idealTree:prePrune │ ├─┬ strip-ansi@5.1.0
110 silly idealTree:prePrune │ │ └── ansi-regex@4.1.0
110 silly idealTree:prePrune │ ├── supports-color@5.5.0
110 silly idealTree:prePrune │ ├── symbol-observable@1.2.0
110 silly idealTree:prePrune │ ├── tar@4.4.8
110 silly idealTree:prePrune │ ├── through@2.3.8
110 silly idealTree:prePrune │ ├── through2@2.0.5
110 silly idealTree:prePrune │ ├── tmp@0.0.33
110 silly idealTree:prePrune │ ├─┬ to-object-path@0.3.0
110 silly idealTree:prePrune │ │ └── kind-of@3.2.2
110 silly idealTree:prePrune │ ├── to-regex-range@2.1.1
110 silly idealTree:prePrune │ ├── to-regex@3.0.2
110 silly idealTree:prePrune │ ├── tslib@1.9.3
110 silly idealTree:prePrune │ ├── typedarray@0.0.6
110 silly idealTree:prePrune │ ├── typescript@3.2.4
110 silly idealTree:prePrune │ ├─┬ union-value@1.0.0
110 silly idealTree:prePrune │ │ ├── extend-shallow@2.0.1
110 silly idealTree:prePrune │ │ └── set-value@0.4.3
110 silly idealTree:prePrune │ ├── unique-filename@1.1.1
110 silly idealTree:prePrune │ ├── unique-slug@2.0.1
110 silly idealTree:prePrune │ ├─┬ unset-value@1.0.0
110 silly idealTree:prePrune │ │ ├─┬ has-value@0.3.1
110 silly idealTree:prePrune │ │ │ └── isobject@2.1.0
110 silly idealTree:prePrune │ │ └── has-values@0.1.4
110 silly idealTree:prePrune │ ├── upath@1.1.1
110 silly idealTree:prePrune │ ├── uri-js@4.2.2
110 silly idealTree:prePrune │ ├── urix@0.1.0
110 silly idealTree:prePrune │ ├── use@3.1.1
110 silly idealTree:prePrune │ ├── util-deprecate@1.0.2
110 silly idealTree:prePrune │ ├── validate-npm-package-license@3.0.4
110 silly idealTree:prePrune │ ├── validate-npm-package-name@3.0.0
110 silly idealTree:prePrune │ ├── which@1.3.1
110 silly idealTree:prePrune │ ├── wrappy@1.0.2
110 silly idealTree:prePrune │ ├── xtend@4.0.1
110 silly idealTree:prePrune │ ├── y18n@4.0.0
110 silly idealTree:prePrune │ └── yallist@3.0.3
110 silly idealTree:prePrune ├── angular-font-awesome@3.1.2
110 silly idealTree:prePrune └── font-awesome@4.7.0
111 silly loadIdealTree Finishing
112 silly currentTree github
112 silly currentTree └─┬ @angular/cli@7.3.5
112 silly currentTree   ├── @angular-devkit/architect@0.13.5
112 silly currentTree   ├── @angular-devkit/core@7.3.5
112 silly currentTree   ├── @angular-devkit/schematics@7.3.5
112 silly currentTree   ├── @schematics/angular@7.3.5
112 silly currentTree   ├── @schematics/update@0.13.5
112 silly currentTree   ├── @yarnpkg/lockfile@1.1.0
112 silly currentTree   ├── agent-base@4.2.1
112 silly currentTree   ├── agentkeepalive@3.5.2
112 silly currentTree   ├── ajv@6.9.1
112 silly currentTree   ├── ansi-escapes@3.2.0
112 silly currentTree   ├── ansi-regex@3.0.0
112 silly currentTree   ├── ansi-styles@3.2.1
112 silly currentTree   ├── anymatch@2.0.0
112 silly currentTree   ├── aproba@1.2.0
112 silly currentTree   ├── arr-diff@4.0.0
112 silly currentTree   ├── arr-flatten@1.1.0
112 silly currentTree   ├── arr-union@3.1.0
112 silly currentTree   ├── array-unique@0.3.2
112 silly currentTree   ├── assign-symbols@1.0.0
112 silly currentTree   ├── async-each@1.0.1
112 silly currentTree   ├── atob@2.1.2
112 silly currentTree   ├── balanced-match@1.0.0
112 silly currentTree   ├─┬ base@0.11.2
112 silly currentTree   │ ├── define-property@1.0.0
112 silly currentTree   │ ├── is-accessor-descriptor@1.0.0
112 silly currentTree   │ ├── is-data-descriptor@1.0.0
112 silly currentTree   │ └── is-descriptor@1.0.2
112 silly currentTree   ├── binary-extensions@1.13.0
112 silly currentTree   ├── bluebird@3.5.3
112 silly currentTree   ├── brace-expansion@1.1.11
112 silly currentTree   ├─┬ braces@2.3.2
112 silly currentTree   │ └── extend-shallow@2.0.1
112 silly currentTree   ├── buffer-from@1.1.1
112 silly currentTree   ├── builtins@1.0.3
112 silly currentTree   ├── cacache@11.3.2
112 silly currentTree   ├── cache-base@1.0.1
112 silly currentTree   ├── chalk@2.4.2
112 silly currentTree   ├── chardet@0.7.0
112 silly currentTree   ├── chokidar@2.0.4
112 silly currentTree   ├── chownr@1.1.1
112 silly currentTree   ├─┬ class-utils@0.3.6
112 silly currentTree   │ └── define-property@0.2.5
112 silly currentTree   ├── cli-cursor@2.1.0
112 silly currentTree   ├── cli-width@2.2.0
112 silly currentTree   ├── collection-visit@1.0.0
112 silly currentTree   ├── color-convert@1.9.3
112 silly currentTree   ├── color-name@1.1.3
112 silly currentTree   ├── component-emitter@1.2.1
112 silly currentTree   ├── concat-map@0.0.1
112 silly currentTree   ├── concat-stream@1.6.2
112 silly currentTree   ├── copy-concurrently@1.0.5
112 silly currentTree   ├── copy-descriptor@0.1.1
112 silly currentTree   ├── core-util-is@1.0.2
112 silly currentTree   ├── cyclist@0.2.2
112 silly currentTree   ├── debug@2.6.9
112 silly currentTree   ├── decode-uri-component@0.2.0
112 silly currentTree   ├─┬ define-property@2.0.2
112 silly currentTree   │ ├── is-accessor-descriptor@1.0.0
112 silly currentTree   │ ├── is-data-descriptor@1.0.0
112 silly currentTree   │ └── is-descriptor@1.0.2
112 silly currentTree   ├── duplexify@3.7.1
112 silly currentTree   ├── encoding@0.1.12
112 silly currentTree   ├── end-of-stream@1.4.1
112 silly currentTree   ├── err-code@1.1.2
112 silly currentTree   ├── es6-promise@4.2.6
112 silly currentTree   ├── es6-promisify@5.0.0
112 silly currentTree   ├── escape-string-regexp@1.0.5
112 silly currentTree   ├─┬ expand-brackets@2.1.4
112 silly currentTree   │ ├── define-property@0.2.5
112 silly currentTree   │ └── extend-shallow@2.0.1
112 silly currentTree   ├─┬ extend-shallow@3.0.2
112 silly currentTree   │ └── is-extendable@1.0.1
112 silly currentTree   ├── external-editor@3.0.3
112 silly currentTree   ├─┬ extglob@2.0.4
112 silly currentTree   │ ├── define-property@1.0.0
112 silly currentTree   │ ├── extend-shallow@2.0.1
112 silly currentTree   │ ├── is-accessor-descriptor@1.0.0
112 silly currentTree   │ ├── is-data-descriptor@1.0.0
112 silly currentTree   │ └── is-descriptor@1.0.2
112 silly currentTree   ├── fast-deep-equal@2.0.1
112 silly currentTree   ├── fast-json-stable-stringify@2.0.0
112 silly currentTree   ├── figgy-pudding@3.5.1
112 silly currentTree   ├── figures@2.0.0
112 silly currentTree   ├─┬ fill-range@4.0.0
112 silly currentTree   │ └── extend-shallow@2.0.1
112 silly currentTree   ├── flush-write-stream@1.1.1
112 silly currentTree   ├── for-in@1.0.2
112 silly currentTree   ├── fragment-cache@0.2.1
112 silly currentTree   ├── from2@2.3.0
112 silly currentTree   ├── fs-minipass@1.2.5
112 silly currentTree   ├── fs-write-stream-atomic@1.0.10
112 silly currentTree   ├── fs.realpath@1.0.0
112 silly currentTree   ├── genfun@5.0.0
112 silly currentTree   ├── get-stream@4.1.0
112 silly currentTree   ├── get-value@2.0.6
112 silly currentTree   ├─┬ glob-parent@3.1.0
112 silly currentTree   │ └── is-glob@3.1.0
112 silly currentTree   ├── glob@7.1.3
112 silly currentTree   ├── graceful-fs@4.1.15
112 silly currentTree   ├── has-flag@3.0.0
112 silly currentTree   ├── has-value@1.0.0
112 silly currentTree   ├─┬ has-values@1.0.0
112 silly currentTree   │ └── kind-of@4.0.0
112 silly currentTree   ├── hosted-git-info@2.7.1
112 silly currentTree   ├── http-cache-semantics@3.8.1
112 silly currentTree   ├─┬ http-proxy-agent@2.1.0
112 silly currentTree   │ └── debug@3.1.0
112 silly currentTree   ├─┬ https-proxy-agent@2.2.1
112 silly currentTree   │ ├── debug@3.2.6
112 silly currentTree   │ └── ms@2.1.1
112 silly currentTree   ├── humanize-ms@1.2.1
112 silly currentTree   ├── iconv-lite@0.4.24
112 silly currentTree   ├── iferr@0.1.5
112 silly currentTree   ├── ignore-walk@3.0.1
112 silly currentTree   ├── imurmurhash@0.1.4
112 silly currentTree   ├── inflight@1.0.6
112 silly currentTree   ├── inherits@2.0.3
112 silly currentTree   ├── ini@1.3.5
112 silly currentTree   ├── inquirer@6.2.1
112 silly currentTree   ├── ip@1.1.5
112 silly currentTree   ├─┬ is-accessor-descriptor@0.1.6
112 silly currentTree   │ └── kind-of@3.2.2
112 silly currentTree   ├── is-binary-path@1.0.1
112 silly currentTree   ├── is-buffer@1.1.6
112 silly currentTree   ├─┬ is-data-descriptor@0.1.4
112 silly currentTree   │ └── kind-of@3.2.2
112 silly currentTree   ├─┬ is-descriptor@0.1.6
112 silly currentTree   │ └── kind-of@5.1.0
112 silly currentTree   ├── is-extendable@0.1.1
112 silly currentTree   ├── is-extglob@2.1.1
112 silly currentTree   ├── is-fullwidth-code-point@2.0.0
112 silly currentTree   ├── is-glob@4.0.0
112 silly currentTree   ├─┬ is-number@3.0.0
112 silly currentTree   │ └── kind-of@3.2.2
112 silly currentTree   ├── is-plain-object@2.0.4
112 silly currentTree   ├── is-promise@2.1.0
112 silly currentTree   ├── is-windows@1.0.2
112 silly currentTree   ├── is-wsl@1.1.0
112 silly currentTree   ├── isarray@1.0.0
112 silly currentTree   ├── isexe@2.0.0
112 silly currentTree   ├── isobject@3.0.1
112 silly currentTree   ├── json-parse-better-errors@1.0.2
112 silly currentTree   ├── json-schema-traverse@0.4.1
112 silly currentTree   ├── jsonparse@1.3.1
112 silly currentTree   ├── JSONStream@1.3.5
112 silly currentTree   ├── kind-of@6.0.2
112 silly currentTree   ├── lodash.debounce@4.0.8
112 silly currentTree   ├── lodash@4.17.11
112 silly currentTree   ├── lru-cache@5.1.1
112 silly currentTree   ├─┬ make-fetch-happen@4.0.1
112 silly currentTree   │ ├── lru-cache@4.1.5
112 silly currentTree   │ └── yallist@2.1.2
112 silly currentTree   ├── map-cache@0.2.2
112 silly currentTree   ├── map-visit@1.0.0
112 silly currentTree   ├── micromatch@3.1.10
112 silly currentTree   ├── mimic-fn@1.2.0
112 silly currentTree   ├── minimatch@3.0.4
112 silly currentTree   ├── minimist@0.0.8
112 silly currentTree   ├── minipass@2.3.5
112 silly currentTree   ├── minizlib@1.2.1
112 silly currentTree   ├── mississippi@3.0.0
112 silly currentTree   ├─┬ mixin-deep@1.3.1
112 silly currentTree   │ └── is-extendable@1.0.1
112 silly currentTree   ├── mkdirp@0.5.1
112 silly currentTree   ├── move-concurrently@1.0.1
112 silly currentTree   ├── ms@2.0.0
112 silly currentTree   ├── mute-stream@0.0.7
112 silly currentTree   ├── nanomatch@1.2.13
112 silly currentTree   ├── node-fetch-npm@2.0.2
112 silly currentTree   ├── normalize-package-data@2.5.0
112 silly currentTree   ├── normalize-path@2.1.1
112 silly currentTree   ├── npm-bundled@1.0.6
112 silly currentTree   ├── npm-package-arg@6.1.0
112 silly currentTree   ├── npm-packlist@1.4.1
112 silly currentTree   ├── npm-pick-manifest@2.2.3
112 silly currentTree   ├─┬ npm-registry-fetch@3.9.0
112 silly currentTree   │ ├── lru-cache@4.1.5
112 silly currentTree   │ └── yallist@2.1.2
112 silly currentTree   ├─┬ object-copy@0.1.0
112 silly currentTree   │ ├── define-property@0.2.5
112 silly currentTree   │ └── kind-of@3.2.2
112 silly currentTree   ├── object-visit@1.0.1
112 silly currentTree   ├── object.pick@1.3.0
112 silly currentTree   ├── once@1.4.0
112 silly currentTree   ├── onetime@2.0.1
112 silly currentTree   ├── opn@5.4.0
112 silly currentTree   ├── os-homedir@1.0.2
112 silly currentTree   ├── os-tmpdir@1.0.2
112 silly currentTree   ├── osenv@0.1.5
112 silly currentTree   ├── pacote@9.4.0
112 silly currentTree   ├── parallel-transform@1.1.0
112 silly currentTree   ├── pascalcase@0.1.1
112 silly currentTree   ├── path-dirname@1.0.2
112 silly currentTree   ├── path-is-absolute@1.0.1
112 silly currentTree   ├── path-parse@1.0.6
112 silly currentTree   ├── posix-character-classes@0.1.1
112 silly currentTree   ├── process-nextick-args@2.0.0
112 silly currentTree   ├── promise-inflight@1.0.1
112 silly currentTree   ├── promise-retry@1.1.1
112 silly currentTree   ├── protoduck@5.0.1
112 silly currentTree   ├── pseudomap@1.0.2
112 silly currentTree   ├── pump@3.0.0
112 silly currentTree   ├─┬ pumpify@1.5.1
112 silly currentTree   │ └── pump@2.0.1
112 silly currentTree   ├── punycode@2.1.1
112 silly currentTree   ├── readable-stream@2.3.6
112 silly currentTree   ├── readdirp@2.2.1
112 silly currentTree   ├── regex-not@1.0.2
112 silly currentTree   ├── remove-trailing-separator@1.1.0
112 silly currentTree   ├── repeat-element@1.1.3
112 silly currentTree   ├── repeat-string@1.6.1
112 silly currentTree   ├── resolve-url@0.2.1
112 silly currentTree   ├── resolve@1.10.0
112 silly currentTree   ├── restore-cursor@2.0.0
112 silly currentTree   ├── ret@0.1.15
112 silly currentTree   ├── retry@0.10.1
112 silly currentTree   ├── rimraf@2.6.3
112 silly currentTree   ├── run-async@2.3.0
112 silly currentTree   ├── run-queue@1.0.3
112 silly currentTree   ├── rxjs@6.3.3
112 silly currentTree   ├── safe-buffer@5.1.2
112 silly currentTree   ├── safe-regex@1.1.0
112 silly currentTree   ├── safer-buffer@2.1.2
112 silly currentTree   ├── semver-intersect@1.4.0
112 silly currentTree   ├── semver@5.6.0
112 silly currentTree   ├─┬ set-value@2.0.0
112 silly currentTree   │ └── extend-shallow@2.0.1
112 silly currentTree   ├── signal-exit@3.0.2
112 silly currentTree   ├── smart-buffer@4.0.2
112 silly currentTree   ├─┬ snapdragon-node@2.1.1
112 silly currentTree   │ ├── define-property@1.0.0
112 silly currentTree   │ ├── is-accessor-descriptor@1.0.0
112 silly currentTree   │ ├── is-data-descriptor@1.0.0
112 silly currentTree   │ └── is-descriptor@1.0.2
112 silly currentTree   ├─┬ snapdragon-util@3.0.1
112 silly currentTree   │ └── kind-of@3.2.2
112 silly currentTree   ├─┬ snapdragon@0.8.2
112 silly currentTree   │ ├── define-property@0.2.5
112 silly currentTree   │ ├── extend-shallow@2.0.1
112 silly currentTree   │ └── source-map@0.5.7
112 silly currentTree   ├── socks-proxy-agent@4.0.2
112 silly currentTree   ├── socks@2.3.2
112 silly currentTree   ├── source-map-resolve@0.5.2
112 silly currentTree   ├── source-map-url@0.4.0
112 silly currentTree   ├── source-map@0.7.3
112 silly currentTree   ├── spdx-correct@3.1.0
112 silly currentTree   ├── spdx-exceptions@2.2.0
112 silly currentTree   ├── spdx-expression-parse@3.0.0
112 silly currentTree   ├── spdx-license-ids@3.0.3
112 silly currentTree   ├── split-string@3.1.0
112 silly currentTree   ├── ssri@6.0.1
112 silly currentTree   ├─┬ static-extend@0.1.2
112 silly currentTree   │ └── define-property@0.2.5
112 silly currentTree   ├── stream-each@1.2.3
112 silly currentTree   ├── stream-shift@1.0.0
112 silly currentTree   ├── string_decoder@1.1.1
112 silly currentTree   ├─┬ string-width@2.1.1
112 silly currentTree   │ └── strip-ansi@4.0.0
112 silly currentTree   ├─┬ strip-ansi@5.1.0
112 silly currentTree   │ └── ansi-regex@4.1.0
112 silly currentTree   ├── supports-color@5.5.0
112 silly currentTree   ├── symbol-observable@1.2.0
112 silly currentTree   ├── tar@4.4.8
112 silly currentTree   ├── through@2.3.8
112 silly currentTree   ├── through2@2.0.5
112 silly currentTree   ├── tmp@0.0.33
112 silly currentTree   ├─┬ to-object-path@0.3.0
112 silly currentTree   │ └── kind-of@3.2.2
112 silly currentTree   ├── to-regex-range@2.1.1
112 silly currentTree   ├── to-regex@3.0.2
112 silly currentTree   ├── tslib@1.9.3
112 silly currentTree   ├── typedarray@0.0.6
112 silly currentTree   ├── typescript@3.2.4
112 silly currentTree   ├─┬ union-value@1.0.0
112 silly currentTree   │ ├── extend-shallow@2.0.1
112 silly currentTree   │ └── set-value@0.4.3
112 silly currentTree   ├── unique-filename@1.1.1
112 silly currentTree   ├── unique-slug@2.0.1
112 silly currentTree   ├─┬ unset-value@1.0.0
112 silly currentTree   │ ├─┬ has-value@0.3.1
112 silly currentTree   │ │ └── isobject@2.1.0
112 silly currentTree   │ └── has-values@0.1.4
112 silly currentTree   ├── upath@1.1.1
112 silly currentTree   ├── uri-js@4.2.2
112 silly currentTree   ├── urix@0.1.0
112 silly currentTree   ├── use@3.1.1
112 silly currentTree   ├── util-deprecate@1.0.2
112 silly currentTree   ├── validate-npm-package-license@3.0.4
112 silly currentTree   ├── validate-npm-package-name@3.0.0
112 silly currentTree   ├── which@1.3.1
112 silly currentTree   ├── wrappy@1.0.2
112 silly currentTree   ├── xtend@4.0.1
112 silly currentTree   ├── y18n@4.0.0
112 silly currentTree   └── yallist@3.0.3
113 silly idealTree github
113 silly idealTree ├─┬ @angular/cli@7.3.5
113 silly idealTree │ ├── @angular-devkit/architect@0.13.5
113 silly idealTree │ ├── @angular-devkit/core@7.3.5
113 silly idealTree │ ├── @angular-devkit/schematics@7.3.5
113 silly idealTree │ ├── @schematics/angular@7.3.5
113 silly idealTree │ ├── @schematics/update@0.13.5
113 silly idealTree │ ├── @yarnpkg/lockfile@1.1.0
113 silly idealTree │ ├── agent-base@4.2.1
113 silly idealTree │ ├── agentkeepalive@3.5.2
113 silly idealTree │ ├── ajv@6.9.1
113 silly idealTree │ ├── ansi-escapes@3.2.0
113 silly idealTree │ ├── ansi-regex@3.0.0
113 silly idealTree │ ├── ansi-styles@3.2.1
113 silly idealTree │ ├── anymatch@2.0.0
113 silly idealTree │ ├── aproba@1.2.0
113 silly idealTree │ ├── arr-diff@4.0.0
113 silly idealTree │ ├── arr-flatten@1.1.0
113 silly idealTree │ ├── arr-union@3.1.0
113 silly idealTree │ ├── array-unique@0.3.2
113 silly idealTree │ ├── assign-symbols@1.0.0
113 silly idealTree │ ├── async-each@1.0.1
113 silly idealTree │ ├── atob@2.1.2
113 silly idealTree │ ├── balanced-match@1.0.0
113 silly idealTree │ ├─┬ base@0.11.2
113 silly idealTree │ │ ├── define-property@1.0.0
113 silly idealTree │ │ ├── is-accessor-descriptor@1.0.0
113 silly idealTree │ │ ├── is-data-descriptor@1.0.0
113 silly idealTree │ │ └── is-descriptor@1.0.2
113 silly idealTree │ ├── binary-extensions@1.13.0
113 silly idealTree │ ├── bluebird@3.5.3
113 silly idealTree │ ├── brace-expansion@1.1.11
113 silly idealTree │ ├─┬ braces@2.3.2
113 silly idealTree │ │ └── extend-shallow@2.0.1
113 silly idealTree │ ├── buffer-from@1.1.1
113 silly idealTree │ ├── builtins@1.0.3
113 silly idealTree │ ├── cacache@11.3.2
113 silly idealTree │ ├── cache-base@1.0.1
113 silly idealTree │ ├── chalk@2.4.2
113 silly idealTree │ ├── chardet@0.7.0
113 silly idealTree │ ├── chokidar@2.0.4
113 silly idealTree │ ├── chownr@1.1.1
113 silly idealTree │ ├─┬ class-utils@0.3.6
113 silly idealTree │ │ └── define-property@0.2.5
113 silly idealTree │ ├── cli-cursor@2.1.0
113 silly idealTree │ ├── cli-width@2.2.0
113 silly idealTree │ ├── collection-visit@1.0.0
113 silly idealTree │ ├── color-convert@1.9.3
113 silly idealTree │ ├── color-name@1.1.3
113 silly idealTree │ ├── component-emitter@1.2.1
113 silly idealTree │ ├── concat-map@0.0.1
113 silly idealTree │ ├── concat-stream@1.6.2
113 silly idealTree │ ├── copy-concurrently@1.0.5
113 silly idealTree │ ├── copy-descriptor@0.1.1
113 silly idealTree │ ├── core-util-is@1.0.2
113 silly idealTree │ ├── cyclist@0.2.2
113 silly idealTree │ ├── debug@2.6.9
113 silly idealTree │ ├── decode-uri-component@0.2.0
113 silly idealTree │ ├─┬ define-property@2.0.2
113 silly idealTree │ │ ├── is-accessor-descriptor@1.0.0
113 silly idealTree │ │ ├── is-data-descriptor@1.0.0
113 silly idealTree │ │ └── is-descriptor@1.0.2
113 silly idealTree │ ├── duplexify@3.7.1
113 silly idealTree │ ├── encoding@0.1.12
113 silly idealTree │ ├── end-of-stream@1.4.1
113 silly idealTree │ ├── err-code@1.1.2
113 silly idealTree │ ├── es6-promise@4.2.6
113 silly idealTree │ ├── es6-promisify@5.0.0
113 silly idealTree │ ├── escape-string-regexp@1.0.5
113 silly idealTree │ ├─┬ expand-brackets@2.1.4
113 silly idealTree │ │ ├── define-property@0.2.5
113 silly idealTree │ │ └── extend-shallow@2.0.1
113 silly idealTree │ ├─┬ extend-shallow@3.0.2
113 silly idealTree │ │ └── is-extendable@1.0.1
113 silly idealTree │ ├── external-editor@3.0.3
113 silly idealTree │ ├─┬ extglob@2.0.4
113 silly idealTree │ │ ├── define-property@1.0.0
113 silly idealTree │ │ ├── extend-shallow@2.0.1
113 silly idealTree │ │ ├── is-accessor-descriptor@1.0.0
113 silly idealTree │ │ ├── is-data-descriptor@1.0.0
113 silly idealTree │ │ └── is-descriptor@1.0.2
113 silly idealTree │ ├── fast-deep-equal@2.0.1
113 silly idealTree │ ├── fast-json-stable-stringify@2.0.0
113 silly idealTree │ ├── figgy-pudding@3.5.1
113 silly idealTree │ ├── figures@2.0.0
113 silly idealTree │ ├─┬ fill-range@4.0.0
113 silly idealTree │ │ └── extend-shallow@2.0.1
113 silly idealTree │ ├── flush-write-stream@1.1.1
113 silly idealTree │ ├── for-in@1.0.2
113 silly idealTree │ ├── fragment-cache@0.2.1
113 silly idealTree │ ├── from2@2.3.0
113 silly idealTree │ ├── fs-minipass@1.2.5
113 silly idealTree │ ├── fs-write-stream-atomic@1.0.10
113 silly idealTree │ ├── fs.realpath@1.0.0
113 silly idealTree │ ├── genfun@5.0.0
113 silly idealTree │ ├── get-stream@4.1.0
113 silly idealTree │ ├── get-value@2.0.6
113 silly idealTree │ ├─┬ glob-parent@3.1.0
113 silly idealTree │ │ └── is-glob@3.1.0
113 silly idealTree │ ├── glob@7.1.3
113 silly idealTree │ ├── graceful-fs@4.1.15
113 silly idealTree │ ├── has-flag@3.0.0
113 silly idealTree │ ├── has-value@1.0.0
113 silly idealTree │ ├─┬ has-values@1.0.0
113 silly idealTree │ │ └── kind-of@4.0.0
113 silly idealTree │ ├── hosted-git-info@2.7.1
113 silly idealTree │ ├── http-cache-semantics@3.8.1
113 silly idealTree │ ├─┬ http-proxy-agent@2.1.0
113 silly idealTree │ │ └── debug@3.1.0
113 silly idealTree │ ├─┬ https-proxy-agent@2.2.1
113 silly idealTree │ │ ├── debug@3.2.6
113 silly idealTree │ │ └── ms@2.1.1
113 silly idealTree │ ├── humanize-ms@1.2.1
113 silly idealTree │ ├── iconv-lite@0.4.24
113 silly idealTree │ ├── iferr@0.1.5
113 silly idealTree │ ├── ignore-walk@3.0.1
113 silly idealTree │ ├── imurmurhash@0.1.4
113 silly idealTree │ ├── inflight@1.0.6
113 silly idealTree │ ├── inherits@2.0.3
113 silly idealTree │ ├── ini@1.3.5
113 silly idealTree │ ├── inquirer@6.2.1
113 silly idealTree │ ├── ip@1.1.5
113 silly idealTree │ ├─┬ is-accessor-descriptor@0.1.6
113 silly idealTree │ │ └── kind-of@3.2.2
113 silly idealTree │ ├── is-binary-path@1.0.1
113 silly idealTree │ ├── is-buffer@1.1.6
113 silly idealTree │ ├─┬ is-data-descriptor@0.1.4
113 silly idealTree │ │ └── kind-of@3.2.2
113 silly idealTree │ ├─┬ is-descriptor@0.1.6
113 silly idealTree │ │ └── kind-of@5.1.0
113 silly idealTree │ ├── is-extendable@0.1.1
113 silly idealTree │ ├── is-extglob@2.1.1
113 silly idealTree │ ├── is-fullwidth-code-point@2.0.0
113 silly idealTree │ ├── is-glob@4.0.0
113 silly idealTree │ ├─┬ is-number@3.0.0
113 silly idealTree │ │ └── kind-of@3.2.2
113 silly idealTree │ ├── is-plain-object@2.0.4
113 silly idealTree │ ├── is-promise@2.1.0
113 silly idealTree │ ├── is-windows@1.0.2
113 silly idealTree │ ├── is-wsl@1.1.0
113 silly idealTree │ ├── isarray@1.0.0
113 silly idealTree │ ├── isexe@2.0.0
113 silly idealTree │ ├── isobject@3.0.1
113 silly idealTree │ ├── json-parse-better-errors@1.0.2
113 silly idealTree │ ├── json-schema-traverse@0.4.1
113 silly idealTree │ ├── jsonparse@1.3.1
113 silly idealTree │ ├── JSONStream@1.3.5
113 silly idealTree │ ├── kind-of@6.0.2
113 silly idealTree │ ├── lodash.debounce@4.0.8
113 silly idealTree │ ├── lodash@4.17.11
113 silly idealTree │ ├── lru-cache@5.1.1
113 silly idealTree │ ├─┬ make-fetch-happen@4.0.1
113 silly idealTree │ │ ├── lru-cache@4.1.5
113 silly idealTree │ │ └── yallist@2.1.2
113 silly idealTree │ ├── map-cache@0.2.2
113 silly idealTree │ ├── map-visit@1.0.0
113 silly idealTree │ ├── micromatch@3.1.10
113 silly idealTree │ ├── mimic-fn@1.2.0
113 silly idealTree │ ├── minimatch@3.0.4
113 silly idealTree │ ├── minimist@0.0.8
113 silly idealTree │ ├── minipass@2.3.5
113 silly idealTree │ ├── minizlib@1.2.1
113 silly idealTree │ ├── mississippi@3.0.0
113 silly idealTree │ ├─┬ mixin-deep@1.3.1
113 silly idealTree │ │ └── is-extendable@1.0.1
113 silly idealTree │ ├── mkdirp@0.5.1
113 silly idealTree │ ├── move-concurrently@1.0.1
113 silly idealTree │ ├── ms@2.0.0
113 silly idealTree │ ├── mute-stream@0.0.7
113 silly idealTree │ ├── nanomatch@1.2.13
113 silly idealTree │ ├── node-fetch-npm@2.0.2
113 silly idealTree │ ├── normalize-package-data@2.5.0
113 silly idealTree │ ├── normalize-path@2.1.1
113 silly idealTree │ ├── npm-bundled@1.0.6
113 silly idealTree │ ├── npm-package-arg@6.1.0
113 silly idealTree │ ├── npm-packlist@1.4.1
113 silly idealTree │ ├── npm-pick-manifest@2.2.3
113 silly idealTree │ ├─┬ npm-registry-fetch@3.9.0
113 silly idealTree │ │ ├── lru-cache@4.1.5
113 silly idealTree │ │ └── yallist@2.1.2
113 silly idealTree │ ├─┬ object-copy@0.1.0
113 silly idealTree │ │ ├── define-property@0.2.5
113 silly idealTree │ │ └── kind-of@3.2.2
113 silly idealTree │ ├── object-visit@1.0.1
113 silly idealTree │ ├── object.pick@1.3.0
113 silly idealTree │ ├── once@1.4.0
113 silly idealTree │ ├── onetime@2.0.1
113 silly idealTree │ ├── opn@5.4.0
113 silly idealTree │ ├── os-homedir@1.0.2
113 silly idealTree │ ├── os-tmpdir@1.0.2
113 silly idealTree │ ├── osenv@0.1.5
113 silly idealTree │ ├── pacote@9.4.0
113 silly idealTree │ ├── parallel-transform@1.1.0
113 silly idealTree │ ├── pascalcase@0.1.1
113 silly idealTree │ ├── path-dirname@1.0.2
113 silly idealTree │ ├── path-is-absolute@1.0.1
113 silly idealTree │ ├── path-parse@1.0.6
113 silly idealTree │ ├── posix-character-classes@0.1.1
113 silly idealTree │ ├── process-nextick-args@2.0.0
113 silly idealTree │ ├── promise-inflight@1.0.1
113 silly idealTree │ ├── promise-retry@1.1.1
113 silly idealTree │ ├── protoduck@5.0.1
113 silly idealTree │ ├── pseudomap@1.0.2
113 silly idealTree │ ├── pump@3.0.0
113 silly idealTree │ ├─┬ pumpify@1.5.1
113 silly idealTree │ │ └── pump@2.0.1
113 silly idealTree │ ├── punycode@2.1.1
113 silly idealTree │ ├── readable-stream@2.3.6
113 silly idealTree │ ├── readdirp@2.2.1
113 silly idealTree │ ├── regex-not@1.0.2
113 silly idealTree │ ├── remove-trailing-separator@1.1.0
113 silly idealTree │ ├── repeat-element@1.1.3
113 silly idealTree │ ├── repeat-string@1.6.1
113 silly idealTree │ ├── resolve-url@0.2.1
113 silly idealTree │ ├── resolve@1.10.0
113 silly idealTree │ ├── restore-cursor@2.0.0
113 silly idealTree │ ├── ret@0.1.15
113 silly idealTree │ ├── retry@0.10.1
113 silly idealTree │ ├── rimraf@2.6.3
113 silly idealTree │ ├── run-async@2.3.0
113 silly idealTree │ ├── run-queue@1.0.3
113 silly idealTree │ ├── rxjs@6.3.3
113 silly idealTree │ ├── safe-buffer@5.1.2
113 silly idealTree │ ├── safe-regex@1.1.0
113 silly idealTree │ ├── safer-buffer@2.1.2
113 silly idealTree │ ├── semver-intersect@1.4.0
113 silly idealTree │ ├── semver@5.6.0
113 silly idealTree │ ├─┬ set-value@2.0.0
113 silly idealTree │ │ └── extend-shallow@2.0.1
113 silly idealTree │ ├── signal-exit@3.0.2
113 silly idealTree │ ├── smart-buffer@4.0.2
113 silly idealTree │ ├─┬ snapdragon-node@2.1.1
113 silly idealTree │ │ ├── define-property@1.0.0
113 silly idealTree │ │ ├── is-accessor-descriptor@1.0.0
113 silly idealTree │ │ ├── is-data-descriptor@1.0.0
113 silly idealTree │ │ └── is-descriptor@1.0.2
113 silly idealTree │ ├─┬ snapdragon-util@3.0.1
113 silly idealTree │ │ └── kind-of@3.2.2
113 silly idealTree │ ├─┬ snapdragon@0.8.2
113 silly idealTree │ │ ├── define-property@0.2.5
113 silly idealTree │ │ ├── extend-shallow@2.0.1
113 silly idealTree │ │ └── source-map@0.5.7
113 silly idealTree │ ├── socks-proxy-agent@4.0.2
113 silly idealTree │ ├── socks@2.3.2
113 silly idealTree │ ├── source-map-resolve@0.5.2
113 silly idealTree │ ├── source-map-url@0.4.0
113 silly idealTree │ ├── source-map@0.7.3
113 silly idealTree │ ├── spdx-correct@3.1.0
113 silly idealTree │ ├── spdx-exceptions@2.2.0
113 silly idealTree │ ├── spdx-expression-parse@3.0.0
113 silly idealTree │ ├── spdx-license-ids@3.0.3
113 silly idealTree │ ├── split-string@3.1.0
113 silly idealTree │ ├── ssri@6.0.1
113 silly idealTree │ ├─┬ static-extend@0.1.2
113 silly idealTree │ │ └── define-property@0.2.5
113 silly idealTree │ ├── stream-each@1.2.3
113 silly idealTree │ ├── stream-shift@1.0.0
113 silly idealTree │ ├── string_decoder@1.1.1
113 silly idealTree │ ├─┬ string-width@2.1.1
113 silly idealTree │ │ └── strip-ansi@4.0.0
113 silly idealTree │ ├─┬ strip-ansi@5.1.0
113 silly idealTree │ │ └── ansi-regex@4.1.0
113 silly idealTree │ ├── supports-color@5.5.0
113 silly idealTree │ ├── symbol-observable@1.2.0
113 silly idealTree │ ├── tar@4.4.8
113 silly idealTree │ ├── through@2.3.8
113 silly idealTree │ ├── through2@2.0.5
113 silly idealTree │ ├── tmp@0.0.33
113 silly idealTree │ ├─┬ to-object-path@0.3.0
113 silly idealTree │ │ └── kind-of@3.2.2
113 silly idealTree │ ├── to-regex-range@2.1.1
113 silly idealTree │ ├── to-regex@3.0.2
113 silly idealTree │ ├── tslib@1.9.3
113 silly idealTree │ ├── typedarray@0.0.6
113 silly idealTree │ ├── typescript@3.2.4
113 silly idealTree │ ├─┬ union-value@1.0.0
113 silly idealTree │ │ ├── extend-shallow@2.0.1
113 silly idealTree │ │ └── set-value@0.4.3
113 silly idealTree │ ├── unique-filename@1.1.1
113 silly idealTree │ ├── unique-slug@2.0.1
113 silly idealTree │ ├─┬ unset-value@1.0.0
113 silly idealTree │ │ ├─┬ has-value@0.3.1
113 silly idealTree │ │ │ └── isobject@2.1.0
113 silly idealTree │ │ └── has-values@0.1.4
113 silly idealTree │ ├── upath@1.1.1
113 silly idealTree │ ├── uri-js@4.2.2
113 silly idealTree │ ├── urix@0.1.0
113 silly idealTree │ ├── use@3.1.1
113 silly idealTree │ ├── util-deprecate@1.0.2
113 silly idealTree │ ├── validate-npm-package-license@3.0.4
113 silly idealTree │ ├── validate-npm-package-name@3.0.0
113 silly idealTree │ ├── which@1.3.1
113 silly idealTree │ ├── wrappy@1.0.2
113 silly idealTree │ ├── xtend@4.0.1
113 silly idealTree │ ├── y18n@4.0.0
113 silly idealTree │ └── yallist@3.0.3
113 silly idealTree ├── angular-font-awesome@3.1.2
113 silly idealTree └── font-awesome@4.7.0
114 silly generateActionsToTake Starting
115 silly install generateActionsToTake
116 warn checkPermissions Missing write access to /home/alex/github/node_modules
117 silly rollbackFailedOptional Starting
118 silly rollbackFailedOptional Finishing
119 silly runTopLevelLifecycles Starting
120 silly runTopLevelLifecycles Finishing
121 silly install printInstalled
122 warn optional Skipping failed optional dependency /@angular/cli/chokidar/fsevents:
123 warn notsup Not compatible with your operating system or architecture: fsevents@1.2.7
124 warn enoent ENOENT: no such file or directory, open '/home/alex/github/package.json'
125 warn angular-font-awesome@3.1.2 requires a peer of @angular/core@>=2.0.0 || >=4.0.0 || >=5.0.0 but none was installed.
126 warn github No description
127 warn github No repository field.
128 warn github No README data
129 warn github No license field.
130 verbose stack Error: EACCES: permission denied, access '/home/alex/github/node_modules'
131 verbose cwd /home/alex/github/odissey
132 error Linux 4.15.0-46-generic
133 error argv "/usr/bin/node" "/usr/bin/npm" "install" "--save" "font-awesome" "angular-font-awesome"
134 error node v8.10.0
135 error npm  v3.5.2
136 error path /home/alex/github/node_modules
137 error code EACCES
138 error errno -13
139 error syscall access
140 error Error: EACCES: permission denied, access '/home/alex/github/node_modules'
140 error  { Error: EACCES: permission denied, access '/home/alex/github/node_modules'
140 error   errno: -13,
140 error   code: 'EACCES',
140 error   syscall: 'access',
140 error   path: '/home/alex/github/node_modules' }
141 error Please try running this command again as root/Administrator.
142 verbose exit [ -13, true ]
